2024-02-05 17:33:48,773 - INFO - Program started
2024-02-05 17:33:48,774 - INFO - Adding 5 and 10
2024-02-05 17:33:48,774 - DEBUG - Result: 15
2024-02-05 17:33:48,774 - INFO - Program finished
2024-02-05 17:33:48,774 - INFO - Final result: 15
2024-02-05 17:33:52,724 - INFO - Program started
2024-02-05 17:33:52,724 - INFO - Adding 5 and 10
2024-02-05 17:33:52,724 - DEBUG - Result: 15
2024-02-05 17:33:52,724 - INFO - Program finished
2024-02-05 17:33:52,724 - INFO - Final result: 15
2024-02-05 17:34:47,064 - INFO - Program started
2024-02-05 17:34:47,064 - INFO - Adding 5 and 10
2024-02-05 17:34:47,064 - DEBUG - Result: 15
2024-02-05 17:34:47,064 - INFO - Program finished
2024-02-05 17:34:47,064 - INFO - Final result: 15
2024-02-05 17:36:37,083 - INFO - Program started
2024-02-05 17:36:37,083 - INFO - Adding 5 and 10
2024-02-05 17:36:37,083 - DEBUG - Result: 15
2024-02-05 17:36:37,083 - INFO - Program finished
2024-02-05 17:36:37,083 - INFO - Final result: 15
2024-02-05 17:36:37,136 - INFO - Program started
2024-02-05 17:36:37,136 - INFO - Adding 5 and 10
2024-02-05 17:36:37,136 - DEBUG - Result: 15
2024-02-05 17:36:37,136 - INFO - Program finished
2024-02-05 17:36:37,136 - INFO - Final result: 15
2024-02-05 17:36:37,192 - INFO - Program started
2024-02-05 17:36:37,192 - INFO - Adding 5 and 10
2024-02-05 17:36:37,192 - DEBUG - Result: 15
2024-02-05 17:36:37,192 - INFO - Program finished
2024-02-05 17:36:37,192 - INFO - Final result: 15
2024-02-05 17:36:37,248 - INFO - Program started
2024-02-05 17:36:37,248 - INFO - Adding 5 and 10
2024-02-05 17:36:37,248 - DEBUG - Result: 15
2024-02-05 17:36:37,248 - INFO - Program finished
2024-02-05 17:36:37,248 - INFO - Final result: 15
2024-02-05 17:36:37,310 - INFO - Program started
2024-02-05 17:36:37,310 - INFO - Adding 5 and 10
2024-02-05 17:36:37,310 - DEBUG - Result: 15
2024-02-05 17:36:37,310 - INFO - Program finished
2024-02-05 17:36:37,310 - INFO - Final result: 15
2024-02-05 17:36:37,368 - INFO - Program started
2024-02-05 17:36:37,369 - INFO - Adding 5 and 10
2024-02-05 17:36:37,369 - DEBUG - Result: 15
2024-02-05 17:36:37,369 - INFO - Program finished
2024-02-05 17:36:37,369 - INFO - Final result: 15
2024-02-05 17:36:37,424 - INFO - Program started
2024-02-05 17:36:37,424 - INFO - Adding 5 and 10
2024-02-05 17:36:37,424 - DEBUG - Result: 15
2024-02-05 17:36:37,424 - INFO - Program finished
2024-02-05 17:36:37,424 - INFO - Final result: 15
2024-02-05 17:36:37,482 - INFO - Program started
2024-02-05 17:36:37,482 - INFO - Adding 5 and 10
2024-02-05 17:36:37,482 - DEBUG - Result: 15
2024-02-05 17:36:37,482 - INFO - Program finished
2024-02-05 17:36:37,482 - INFO - Final result: 15
2024-02-05 17:36:37,539 - INFO - Program started
2024-02-05 17:36:37,539 - INFO - Adding 5 and 10
2024-02-05 17:36:37,539 - DEBUG - Result: 15
2024-02-05 17:36:37,539 - INFO - Program finished
2024-02-05 17:36:37,539 - INFO - Final result: 15
2024-02-05 17:36:37,597 - INFO - Program started
2024-02-05 17:36:37,598 - INFO - Adding 5 and 10
2024-02-05 17:36:37,598 - DEBUG - Result: 15
2024-02-05 17:36:37,598 - INFO - Program finished
2024-02-05 17:36:37,598 - INFO - Final result: 15
2024-02-05 17:36:37,652 - INFO - Program started
2024-02-05 17:36:37,652 - INFO - Adding 5 and 10
2024-02-05 17:36:37,652 - DEBUG - Result: 15
2024-02-05 17:36:37,652 - INFO - Program finished
2024-02-05 17:36:37,652 - INFO - Final result: 15
